<?xml version="1.0" encoding="UTF-8"?>
<testng-results ignored="0" total="1" passed="1" failed="0" skipped="0">
  <reporter-output>
  </reporter-output>
  <suite started-at="2022-02-13T23:02:00 IST" name="Default suite" finished-at="2022-02-13T23:02:25 IST" duration-ms="25206">
    <groups>
    </groups>
    <test started-at="2022-02-13T23:02:00 IST" name="Default test" finished-at="2022-02-13T23:02:25 IST" duration-ms="25206">
      <class name="com.inetbanking.testcases.TC_LoginTest_001">
        <test-method is-config="true" signature="setup()[pri:0, instance:com.inetbanking.testcases.TC_LoginTest_001@306e95ec]" started-at="2022-02-13T23:02:00 IST" name="setup" finished-at="2022-02-13T23:02:11 IST" duration-ms="11207" status="PASS">
          <reporter-output>
          </reporter-output>
        </test-method> <!-- setup -->
        <test-method signature="logintest()[pri:0, instance:com.inetbanking.testcases.TC_LoginTest_001@306e95ec]" started-at="2022-02-13T23:02:11 IST" name="logintest" finished-at="2022-02-13T23:02:24 IST" duration-ms="12489" status="PASS">
          <reporter-output>
          </reporter-output>
        </test-method> <!-- logintest -->
        <test-method is-config="true" signature="teardown()[pri:0, instance:com.inetbanking.testcases.TC_LoginTest_001@306e95ec]" started-at="2022-02-13T23:02:24 IST" name="teardown" finished-at="2022-02-13T23:02:25 IST" duration-ms="1306" status="PASS">
          <reporter-output>
          </reporter-output>
        </test-method> <!-- teardown -->
      </class> <!-- com.inetbanking.testcases.TC_LoginTest_001 -->
    </test> <!-- Default test -->
  </suite> <!-- Default suite -->
</testng-results>
